/Users/michalpekarcik/Library/Python/3.9/lib/python/site-packages/urllib3/__init__.py:35: NotOpenSSLWarning: urllib3 v2 only supports OpenSSL 1.1.1+, currently the 'ssl' module is compiled with 'LibreSSL 2.8.3'. See: https://github.com/urllib3/urllib3/issues/3020
  warnings.warn(
Loading buffets from /Users/michalpekarcik/Cursor/Chinese Buffet/data/all-buffets-for-matching.json
Loaded 5503 buffets

Loaded 399 existing mappings

[16/5503] (0%) Matching: Chopstix
  Location: Green River, Wyoming
  Searching Yelp API...
  ✗ Yelp: Not found
[25/5503] (0%) Matching: Kung Fu Chef King
  Location: Stamford, Connecticut
  Searching Yelp API...
  ✗ Yelp: Not found
[41/5503] (0%) Matching: Blue Willow Restaurant
  Location: Salem, Oregon
  Searching Yelp API...
  ✗ Yelp: Not found
[48/5503] (0%) Matching: TEN TEN Chinese Seafood Dim Sum Restaurant 天天渔港
  Location: Sunrise, Florida
  Searching Yelp API...
  ✗ Yelp: Not found
[62/5503] (1%) Matching: Hy-Vee Chinese
  Location: Cedar Rapids, Iowa
  Searching Yelp API...
  ✗ Yelp: Not found
[66/5503] (1%) Matching: Hy-Vee Chinese
  Location: Cedar Rapids, Iowa
  Searching Yelp API...
  ✗ Yelp: Not found
[70/5503] (1%) Matching: Chinese Cafe
  Location: Salem, Oregon
  Searching Yelp API...
  ✗ Yelp: Not found

============================================================
Progress Update:
  Processed: 70/5503 (1%)
  Yelp matches: 63 (90%)
  Estimated time remaining: ~90 minutes
============================================================

[77/5503] (1%) Matching: The Luxe Buffet - Seafood & Grill
  Location: Ontario, California
  Searching Yelp API...
  ✗ Yelp: Not found
[78/5503] (1%) Matching: Grand Buffet Seafood & Sushi
  Location: Wichita Falls, Texas
  Searching Yelp API...
  ✗ Yelp: Not found
[80/5503] (1%) Matching: Crazy Buffet & Grill
  Location: West Palm Beach, Florida
  Searching Yelp API...
  ✗ Yelp: Not found

============================================================
Progress Update:
  Processed: 80/5503 (1%)
  Yelp matches: 70 (87%)
  Estimated time remaining: ~90 minutes
============================================================

[88/5503] (1%) Matching: LINS GRAND BUFFET -McALLEN
  Location: McAllen, Texas
  Searching Yelp API...
  ✗ Yelp: Not found
[116/5503] (2%) Matching: China Buffet
  Location: Longmont, Colorado
  Searching Yelp API...
  ✗ Yelp: Not found
[128/5503] (2%) Matching: Kurai Sushi & Chinese Buffet
  Location: Edinburg, Texas
  Searching Yelp API...
  ✗ Yelp: Not found
[129/5503] (2%) Matching: Panda Buffet
  Location: Springdale, Arkansas
  Searching Yelp API...
  ✗ Yelp: Not found
[130/5503] (2%) Matching: Fairy Cafe - Hotpot Buffet
  Location: Quincy, Massachusetts
  Searching Yelp API...
  ✗ Yelp: Not found

============================================================
Progress Update:
  Processed: 130/5503 (2%)
  Yelp matches: 115 (88%)
  Estimated time remaining: ~89 minutes
============================================================

[134/5503] (2%) Matching: Chen's Buffet
  Location: West Bend, Wisconsin
  Searching Yelp API...
  ✗ Yelp: Not found
[137/5503] (2%) Matching: Osaka Buffet
  Location: Spokane, Washington
  Searching Yelp API...
  ✗ Yelp: Not found
[140/5503] (2%) Matching: FLAMING GRILL & BUFFET (Roslindale Location)
  Location: Boston, Massachusetts
  Searching Yelp API...
  ✗ Yelp: Not found

============================================================
Progress Update:
  Processed: 140/5503 (2%)
  Yelp matches: 122 (87%)
  Estimated time remaining: ~89 minutes
============================================================

[155/5503] (2%) Matching: Kin's Chinese buffet
  Location: San Antonio, Texas
  Searching Yelp API...
  ✗ Yelp: Not found
[174/5503] (3%) Matching: Lin's Garden
  Location: Princeton, Indiana
  Searching Yelp API...
  ✗ Yelp: Not found
[181/5503] (3%) Matching: Shiki Buffet - Glendale Heights
  Location: Glendale Heights, Illinois
  Searching Yelp API...
  ✗ Yelp: Not found
[186/5503] (3%) Matching: Super 6 Buffet, Inc
  Location: Missouri City, Texas
  Searching Yelp API...
  ✗ Yelp: Not found
[194/5503] (3%) Matching: Jade Buffet
  Location: Owosso, Michigan
  Searching Yelp API...
  ✗ Yelp: Not found
[200/5503] (3%) Matching: China Wall Buffet
  Location: Concord, California
  Searching Yelp API...
  ✓ Found Yelp: China Wall Buffet (score: 110)
    Match reasons: city_match, exact_name

============================================================
Progress Update:
  Processed: 200/5503 (3%)
  Yelp matches: 177 (88%)
  Estimated time remaining: ~88 minutes
============================================================

[201/5503] (3%) Matching: Feast Buffet
  Location: Orem, Utah
  Searching Yelp API...
  ✓ Found Yelp: Feast Buffet (score: 110)
    Match reasons: city_match, exact_name
[202/5503] (3%) Matching: Buffetopia
  Location: Humble, Texas
  Searching Yelp API...
  ✓ Found Yelp: Buffetopia (score: 110)
    Match reasons: city_match, exact_name
[203/5503] (3%) Matching: China Garden Buffet
  Location: Aberdeen, North Carolina
  Searching Yelp API...
  ✓ Found Yelp: China Garden (score: 110)
    Match reasons: city_match, exact_name
[204/5503] (3%) Matching: Ni's China Buffet
  Location: Conroe, Texas
  Searching Yelp API...
  ✓ Found Yelp: Ni's China Buffet (score: 110)
    Match reasons: city_match, exact_name
[205/5503] (3%) Matching: Hong Kong Buffet
  Location: Albuquerque, New Mexico
  Searching Yelp API...
  ✓ Found Yelp: Hong Kong Buffet (score: 110)
    Match reasons: city_match, exact_name
[206/5503] (3%) Matching: China Buffet
  Location: Charlotte, North Carolina
  Searching Yelp API...
  ✓ Found Yelp: China Buffet (score: 110)
    Match reasons: city_match, exact_name
[207/5503] (3%) Matching: Imperial Buffet
  Location: Normal, Illinois
  Searching Yelp API...
  ✓ Found Yelp: Imperial Buffet (score: 110)
    Match reasons: city_match, exact_name
[208/5503] (3%) Matching: Canton Chinese Buffet
  Location: Vancouver, Washington
  Searching Yelp API...
  ✓ Found Yelp: Canton Chinese Buffet (score: 110)
    Match reasons: city_match, exact_name
[209/5503] (3%) Matching: Hibachi Sushi Supreme Buffet
  Location: Brockton, Massachusetts
  Searching Yelp API...
  ✓ Found Yelp: Hibachi Sushi Supreme Buffet (score: 110)
    Match reasons: city_match, exact_name
[210/5503] (3%) Matching: King Buffet
  Location: Arvada, Colorado
  Searching Yelp API...
  ✓ Found Yelp: King Buffet (score: 110)
    Match reasons: city_match, exact_name

============================================================
Progress Update:
  Processed: 210/5503 (3%)
  Yelp matches: 187 (89%)
  Estimated time remaining: ~88 minutes
============================================================

[211/5503] (3%) Matching: Hibachi Grill Supreme Buffet Jimmy Carter
  Location: Norcross, Georgia
  Searching Yelp API...
  ✓ Found Yelp: Hibachi Grill and Supreme Buffet (score: 86)
    Match reasons: city_match
[212/5503] (3%) Matching: Hong Kong Buffet
  Location: Loganville, Georgia
  Searching Yelp API...
  ✓ Found Yelp: Hong Kong Buffet (score: 110)
    Match reasons: city_match, exact_name
[213/5503] (3%) Matching: Natsumi Sushi & Seafood Buffet
  Location: San Diego, California
  Searching Yelp API...
  ✓ Found Yelp: Natsumi Sushi & Seafood Buffet (score: 110)
    Match reasons: city_match, exact_name
[214/5503] (3%) Matching: CJ Palace
  Location: Sparks, Nevada
  Searching Yelp API...
  ✓ Found Yelp: CJ Palace (score: 110)
    Match reasons: city_match, exact_name
[215/5503] (3%) Matching: Mr Wok Chinese Buffet
  Location: Waterbury, Connecticut
  Searching Yelp API...
  ✓ Found Yelp: Mr Wok Chinese Buffet (score: 110)
    Match reasons: city_match, exact_name
[216/5503] (3%) Matching: New Hong Kong Buffet
  Location: Jacksonville, Texas
  Searching Yelp API...
  ✓ Found Yelp: New Hong Kong Buffet (score: 110)
    Match reasons: city_match, exact_name
[217/5503] (3%) Matching: Flaming Chinese Buffet
  Location: Kannapolis, North Carolina
  Searching Yelp API...
  ✗ Yelp: Not found
[218/5503] (3%) Matching: Asian Pearl Buffet Hibachi Grill
  Location: Atlanta, Georgia
  Searching Yelp API...
  ✓ Found Yelp: Asian Pearl Buffet Hibachi Grill (score: 110)
    Match reasons: city_match, exact_name
[219/5503] (3%) Matching: Grand Buffet
  Location: Huntsville, Texas
  Searching Yelp API...
  ✓ Found Yelp: Grand Buffet (score: 110)
    Match reasons: city_match, exact_name
[220/5503] (3%) Matching: Fast Dragon Buffet & Carry Out
  Location: Pekin, Illinois
  Searching Yelp API...
  ✓ Found Yelp: Fast Dragon Carry Out (score: 110)
    Match reasons: city_match, exact_name

============================================================
Progress Update:
  Processed: 220/5503 (3%)
  Yelp matches: 196 (89%)
  Estimated time remaining: ~88 minutes
============================================================

[221/5503] (4%) Matching: Teppanyaki Buffet
  Location: Hollywood, Florida
  Searching Yelp API...
  ✓ Found Yelp: Teppanyaki Buffet (score: 110)
    Match reasons: city_match, exact_name
[222/5503] (4%) Matching: King Buffet
  Location: Renton, Washington
  Searching Yelp API...
  ✗ Yelp: Not found
[223/5503] (4%) Matching: King Buffet
  Location: Reno, Nevada
  Searching Yelp API...
  ✓ Found Yelp: King Buffet (score: 110)
    Match reasons: city_match, exact_name
[224/5503] (4%) Matching: East Star Chinese Buffet
  Location: Houston, Texas
  Searching Yelp API...
  ✗ Yelp: Not found
[225/5503] (4%) Matching: Ultimate Buffet
  Location: Colorado Springs, Colorado
  Searching Yelp API...
  ✓ Found Yelp: Ultimate Buffet (score: 110)
    Match reasons: city_match, exact_name
[226/5503] (4%) Matching: Hibachi Grill & Supreme Buffet
  Location: Aurora, Colorado
  Searching Yelp API...
  ✓ Found Yelp: Hibachi Grill & Buffet (score: 86)
    Match reasons: city_match
[227/5503] (4%) Matching: Super Hibachi Buffet & Grill
  Location: Duluth, Georgia
  Searching Yelp API...
  ✓ Found Yelp: Super Hibachi Buffet (score: 91)
    Match reasons: city_match, high_name_similarity
[228/5503] (4%) Matching: Asia Buffet
  Location: Lake Forest, California
  Searching Yelp API...
  ✓ Found Yelp: Asia Buffet (score: 110)
    Match reasons: city_match, exact_name
[229/5503] (4%) Matching: Imperial Gardens
  Location: Mason, Michigan
  Searching Yelp API...
  ✓ Found Yelp: Imperial Garden (score: 107)
    Match reasons: city_match, exact_name
[230/5503] (4%) Matching: King Buffet of Orem
  Location: Orem, Utah
  Searching Yelp API...
  ✗ Yelp: Not found

============================================================
Progress Update:
  Processed: 230/5503 (4%)
  Yelp matches: 203 (88%)
  Estimated time remaining: ~87 minutes
============================================================

[231/5503] (4%) Matching: Kim Sơn
  Location: Houston, Texas
  Searching Yelp API...
  ✓ Found Yelp: Kim Son (score: 96)
    Match reasons: city_match, high_name_similarity
[232/5503] (4%) Matching: New City Buffet and Cajun Seafood
  Location: Riverdale, Georgia
  Searching Yelp API...
  ✓ Found Yelp: New City Buffet and Cajun Seafood (score: 110)
    Match reasons: city_match, exact_name
[233/5503] (4%) Matching: Hong Kong Buffet
  Location: Peoria, Illinois
  Searching Yelp API...
  ✓ Found Yelp: Hong Kong Buffet (score: 110)
    Match reasons: city_match, exact_name
[234/5503] (4%) Matching: Hibachi Buffet
  Location: Duluth, Georgia
  Searching Yelp API...
  ✓ Found Yelp: Hibachi Buffet (score: 110)
    Match reasons: city_match, exact_name
[235/5503] (4%) Matching: King Buffet of Salt Lake
  Location: South Salt Lake, Utah
  Searching Yelp API...
  ✗ Yelp: Not found
[236/5503] (4%) Matching: Empire Buffet
  Location: San Pablo, California
  Searching Yelp API...
  ✓ Found Yelp: Empire Buffet (score: 110)
    Match reasons: city_match, exact_name
[237/5503] (4%) Matching: Happy Family Chinese Buffet
  Location: Humble, Texas
  Searching Yelp API...
  ✓ Found Yelp: Happy Family Chinese Buffet (score: 110)
    Match reasons: city_match, exact_name
[238/5503] (4%) Matching: Red Dragon Buffet
  Location: Avondale, Arizona
  Searching Yelp API...
  ✓ Found Yelp: Red Dragon Buffet (score: 110)
    Match reasons: city_match, exact_name
[239/5503] (4%) Matching: Asian Buffet
  Location: Layton, Utah
  Searching Yelp API...
  ✓ Found Yelp: Asian Buffet (score: 110)
    Match reasons: city_match, exact_name
[240/5503] (4%) Matching: Golden Buffet
  Location: Hillsboro, Texas
  Searching Yelp API...
  ✓ Found Yelp: Golden Buffet (score: 110)
    Match reasons: city_match, exact_name

============================================================
Progress Update:
  Processed: 240/5503 (4%)
  Yelp matches: 212 (88%)
  Estimated time remaining: ~87 minutes
============================================================

[241/5503] (4%) Matching: Hug Grill Buffet
  Location: Hillsboro, Oregon
  Searching Yelp API...
  ✓ Found Yelp: Hug Grill Buffet (score: 110)
    Match reasons: city_match, exact_name
[242/5503] (4%) Matching: Imperial China Buffet
  Location: Watertown, Connecticut
  Searching Yelp API...
  ✓ Found Yelp: Imperial China Buffet (score: 110)
    Match reasons: city_match, exact_name
[243/5503] (4%) Matching: Hokkaido Seafood Buffet
  Location: Long Beach, California
  Searching Yelp API...
  ✓ Found Yelp: Hokkaido Seafood Buffet (score: 110)
    Match reasons: city_match, exact_name
[244/5503] (4%) Matching: HuHot Mongolian Grill
  Location: Westminster, Colorado
  Searching Yelp API...
  ✓ Found Yelp: HuHot Mongolian Grill (score: 110)
    Match reasons: city_match, exact_name
[245/5503] (4%) Matching: Imperial Buffet
  Location: Berlin, Connecticut
  Searching Yelp API...
  ✓ Found Yelp: Imperial Buffet (score: 110)
    Match reasons: city_match, exact_name
[246/5503] (4%) Matching: Super Golden Buffet
  Location: Lawrenceville, Georgia
  Searching Yelp API...
  ✓ Found Yelp: Super Golden Buffet (score: 110)
    Match reasons: city_match, exact_name
[247/5503] (4%) Matching: Lin Buffet
  Location: Morton, Illinois
  Searching Yelp API...
  ✓ Found Yelp: Lin's Buffet (score: 85)
    Match reasons: city_match
[248/5503] (4%) Matching: China Buffet
  Location: Kannapolis, North Carolina
  Searching Yelp API...
  ✓ Found Yelp: China Buffet (score: 110)
    Match reasons: city_match, exact_name
[249/5503] (4%) Matching: Buffet Village
  Location: Gilmer, Texas
  Searching Yelp API...
  ✓ Found Yelp: Buffet Village (score: 110)
    Match reasons: city_match, exact_name
[250/5503] (4%) Matching: Jasmine Buffet
  Location: Charlotte, North Carolina
  Searching Yelp API...
  ✓ Found Yelp: Jasmine Buffet (score: 110)
    Match reasons: city_match, exact_name

============================================================
Progress Update:
  Processed: 250/5503 (4%)
  Yelp matches: 222 (88%)
  Estimated time remaining: ~87 minutes
============================================================

[251/5503] (4%) Matching: Royal Buffet Sushi and Grill
  Location: New Milford, Connecticut
  Searching Yelp API...
  ✓ Found Yelp: Royal Buffet Sushi and Grill (score: 110)
    Match reasons: city_match, exact_name
[252/5503] (4%) Matching: Carnival Buffet
  Location: Salt Lake City, Utah
  Searching Yelp API...
  ✓ Found Yelp: carnival buffet (score: 110)
    Match reasons: city_match, exact_name
[253/5503] (4%) Matching: Asian Star Buffet & Hibachi Grill
  Location: Princeton, Indiana
  Searching Yelp API...
  ✓ Found Yelp: Asian Star Buffet & Hibachi Grill (score: 110)
    Match reasons: city_match, exact_name
[254/5503] (4%) Matching: Panda Buffet
  Location: Westminster, Colorado
  Searching Yelp API...
  ✓ Found Yelp: Panda Buffet (score: 110)
    Match reasons: city_match, exact_name
[255/5503] (4%) Matching: Ming Dynasty
  Location: Santa Maria, California
  Searching Yelp API...
  ✓ Found Yelp: Ming Dynasty (score: 110)
    Match reasons: city_match, exact_name
[256/5503] (4%) Matching: Happy Garden Chinese Buffet
  Location: Oconto, Wisconsin
  Searching Yelp API...
  ✓ Found Yelp: Happy Garden (score: 110)
    Match reasons: city_match, exact_name
[257/5503] (4%) Matching: Kings Super Buffet
  Location: Lauderhill, Florida
  Searching Yelp API...
  ✓ Found Yelp: King's Super Buffet (score: 106)
    Match reasons: city_match, exact_name
[258/5503] (4%) Matching: China Buffet
  Location: Charlotte, North Carolina
  Searching Yelp API...
  ✓ Found Yelp: China Buffet (score: 110)
    Match reasons: city_match, exact_name
